<?xml version="1.0" encoding="UTF-8"?>
<testsuite xmlns:xsi="http://www.w3.org/2001/XMLSchema-instance" xsi:noNamespaceSchemaLocation="https://maven.apache.org/surefire/maven-surefire-plugin/xsd/surefire-test-report.xsd" name="com.qh.ruyitakeaway.RuyiTakeawayApplicationTests" time="7.666" tests="1" errors="0" skipped="0" failures="0">
  <properties>
    <property name="sun.desktop" value="windows"/>
    <property name="awt.toolkit" value="sun.awt.windows.WToolkit"/>
    <property name="java.specification.version" value="11"/>
    <property name="sun.cpu.isalist" value="amd64"/>
    <property name="sun.jnu.encoding" value="GBK"/>
    <property name="java.class.path" value="D:\06_LocalRepository\RuyiTakeaway\target\test-classes;D:\06_LocalRepository\RuyiTakeaway\target\classes;D:\MavenRepository\org\springframework\boot\spring-boot-starter\2.4.5\spring-boot-starter-2.4.5.jar;D:\MavenRepository\org\springframework\boot\spring-boot\2.4.5\spring-boot-2.4.5.jar;D:\MavenRepository\org\springframework\spring-context\5.3.6\spring-context-5.3.6.jar;D:\MavenRepository\org\springframework\boot\spring-boot-autoconfigure\2.4.5\spring-boot-autoconfigure-2.4.5.jar;D:\MavenRepository\org\springframework\boot\spring-boot-starter-logging\2.4.5\spring-boot-starter-logging-2.4.5.jar;D:\MavenRepository\ch\qos\logback\logback-classic\1.2.3\logback-classic-1.2.3.jar;D:\MavenRepository\ch\qos\logback\logback-core\1.2.3\logback-core-1.2.3.jar;D:\MavenRepository\org\apache\logging\log4j\log4j-to-slf4j\2.13.3\log4j-to-slf4j-2.13.3.jar;D:\MavenRepository\org\apache\logging\log4j\log4j-api\2.13.3\log4j-api-2.13.3.jar;D:\MavenRepository\org\slf4j\jul-to-slf4j\1.7.30\jul-to-slf4j-1.7.30.jar;D:\MavenRepository\jakarta\annotation\jakarta.annotation-api\1.3.5\jakarta.annotation-api-1.3.5.jar;D:\MavenRepository\org\springframework\spring-core\5.3.6\spring-core-5.3.6.jar;D:\MavenRepository\org\springframework\spring-jcl\5.3.6\spring-jcl-5.3.6.jar;D:\MavenRepository\org\yaml\snakeyaml\1.27\snakeyaml-1.27.jar;D:\MavenRepository\org\springframework\boot\spring-boot-starter-test\2.4.5\spring-boot-starter-test-2.4.5.jar;D:\MavenRepository\org\springframework\boot\spring-boot-test\2.4.5\spring-boot-test-2.4.5.jar;D:\MavenRepository\org\springframework\boot\spring-boot-test-autoconfigure\2.4.5\spring-boot-test-autoconfigure-2.4.5.jar;D:\MavenRepository\com\jayway\jsonpath\json-path\2.4.0\json-path-2.4.0.jar;D:\MavenRepository\net\minidev\json-smart\2.3\json-smart-2.3.jar;D:\MavenRepository\net\minidev\accessors-smart\1.2\accessors-smart-1.2.jar;D:\MavenRepository\org\ow2\asm\asm\5.0.4\asm-5.0.4.jar;D:\MavenRepository\jakarta\xml\bind\jakarta.xml.bind-api\2.3.3\jakarta.xml.bind-api-2.3.3.jar;D:\MavenRepository\jakarta\activation\jakarta.activation-api\1.2.2\jakarta.activation-api-1.2.2.jar;D:\MavenRepository\org\assertj\assertj-core\3.18.1\assertj-core-3.18.1.jar;D:\MavenRepository\org\hamcrest\hamcrest\2.2\hamcrest-2.2.jar;D:\MavenRepository\org\junit\jupiter\junit-jupiter\5.7.1\junit-jupiter-5.7.1.jar;D:\MavenRepository\org\junit\jupiter\junit-jupiter-api\5.7.1\junit-jupiter-api-5.7.1.jar;D:\MavenRepository\org\apiguardian\apiguardian-api\1.1.0\apiguardian-api-1.1.0.jar;D:\MavenRepository\org\opentest4j\opentest4j\1.2.0\opentest4j-1.2.0.jar;D:\MavenRepository\org\junit\platform\junit-platform-commons\1.7.1\junit-platform-commons-1.7.1.jar;D:\MavenRepository\org\junit\jupiter\junit-jupiter-params\5.7.1\junit-jupiter-params-5.7.1.jar;D:\MavenRepository\org\junit\jupiter\junit-jupiter-engine\5.7.1\junit-jupiter-engine-5.7.1.jar;D:\MavenRepository\org\junit\platform\junit-platform-engine\1.7.1\junit-platform-engine-1.7.1.jar;D:\MavenRepository\org\mockito\mockito-core\3.6.28\mockito-core-3.6.28.jar;D:\MavenRepository\net\bytebuddy\byte-buddy\1.10.22\byte-buddy-1.10.22.jar;D:\MavenRepository\net\bytebuddy\byte-buddy-agent\1.10.22\byte-buddy-agent-1.10.22.jar;D:\MavenRepository\org\objenesis\objenesis\3.1\objenesis-3.1.jar;D:\MavenRepository\org\mockito\mockito-junit-jupiter\3.6.28\mockito-junit-jupiter-3.6.28.jar;D:\MavenRepository\org\skyscreamer\jsonassert\1.5.0\jsonassert-1.5.0.jar;D:\MavenRepository\com\vaadin\external\google\android-json\0.0.20131108.vaadin1\android-json-0.0.20131108.vaadin1.jar;D:\MavenRepository\org\springframework\spring-test\5.3.6\spring-test-5.3.6.jar;D:\MavenRepository\org\xmlunit\xmlunit-core\2.7.0\xmlunit-core-2.7.0.jar;D:\MavenRepository\org\springframework\boot\spring-boot-starter-web\2.4.5\spring-boot-starter-web-2.4.5.jar;D:\MavenRepository\org\springframework\boot\spring-boot-starter-json\2.4.5\spring-boot-starter-json-2.4.5.jar;D:\MavenRepository\com\fasterxml\jackson\core\jackson-databind\2.11.4\jackson-databind-2.11.4.jar;D:\MavenRepository\com\fasterxml\jackson\core\jackson-core\2.11.4\jackson-core-2.11.4.jar;D:\MavenRepository\com\fasterxml\jackson\datatype\jackson-datatype-jdk8\2.11.4\jackson-datatype-jdk8-2.11.4.jar;D:\MavenRepository\com\fasterxml\jackson\datatype\jackson-datatype-jsr310\2.11.4\jackson-datatype-jsr310-2.11.4.jar;D:\MavenRepository\com\fasterxml\jackson\module\jackson-module-parameter-names\2.11.4\jackson-module-parameter-names-2.11.4.jar;D:\MavenRepository\org\springframework\boot\spring-boot-starter-tomcat\2.4.5\spring-boot-starter-tomcat-2.4.5.jar;D:\MavenRepository\org\apache\tomcat\embed\tomcat-embed-core\9.0.45\tomcat-embed-core-9.0.45.jar;D:\MavenRepository\org\glassfish\jakarta.el\3.0.3\jakarta.el-3.0.3.jar;D:\MavenRepository\org\apache\tomcat\embed\tomcat-embed-websocket\9.0.45\tomcat-embed-websocket-9.0.45.jar;D:\MavenRepository\org\springframework\spring-web\5.3.6\spring-web-5.3.6.jar;D:\MavenRepository\org\springframework\spring-beans\5.3.6\spring-beans-5.3.6.jar;D:\MavenRepository\org\springframework\spring-webmvc\5.3.6\spring-webmvc-5.3.6.jar;D:\MavenRepository\org\springframework\spring-aop\5.3.6\spring-aop-5.3.6.jar;D:\MavenRepository\org\springframework\spring-expression\5.3.6\spring-expression-5.3.6.jar;D:\MavenRepository\com\baomidou\mybatis-plus-boot-starter\3.5.2\mybatis-plus-boot-starter-3.5.2.jar;D:\MavenRepository\com\baomidou\mybatis-plus\3.5.2\mybatis-plus-3.5.2.jar;D:\MavenRepository\com\baomidou\mybatis-plus-extension\3.5.2\mybatis-plus-extension-3.5.2.jar;D:\MavenRepository\com\baomidou\mybatis-plus-core\3.5.2\mybatis-plus-core-3.5.2.jar;D:\MavenRepository\com\baomidou\mybatis-plus-annotation\3.5.2\mybatis-plus-annotation-3.5.2.jar;D:\MavenRepository\com\github\jsqlparser\jsqlparser\4.4\jsqlparser-4.4.jar;D:\MavenRepository\org\mybatis\mybatis\3.5.10\mybatis-3.5.10.jar;D:\MavenRepository\org\mybatis\mybatis-spring\2.0.7\mybatis-spring-2.0.7.jar;D:\MavenRepository\org\jetbrains\kotlin\kotlin-stdlib-jdk8\1.4.32\kotlin-stdlib-jdk8-1.4.32.jar;D:\MavenRepository\org\jetbrains\kotlin\kotlin-stdlib\1.4.32\kotlin-stdlib-1.4.32.jar;D:\MavenRepository\org\jetbrains\kotlin\kotlin-stdlib-common\1.4.32\kotlin-stdlib-common-1.4.32.jar;D:\MavenRepository\org\jetbrains\annotations\13.0\annotations-13.0.jar;D:\MavenRepository\org\jetbrains\kotlin\kotlin-stdlib-jdk7\1.4.32\kotlin-stdlib-jdk7-1.4.32.jar;D:\MavenRepository\org\springframework\boot\spring-boot-starter-jdbc\2.4.5\spring-boot-starter-jdbc-2.4.5.jar;D:\MavenRepository\com\zaxxer\HikariCP\3.4.5\HikariCP-3.4.5.jar;D:\MavenRepository\org\springframework\spring-jdbc\5.3.6\spring-jdbc-5.3.6.jar;D:\MavenRepository\org\projectlombok\lombok\1.18.24\lombok-1.18.24.jar;D:\MavenRepository\com\alibaba\fastjson\2.0.12\fastjson-2.0.12.jar;D:\MavenRepository\com\alibaba\fastjson2\fastjson2-extension\2.0.12\fastjson2-extension-2.0.12.jar;D:\MavenRepository\com\alibaba\fastjson2\fastjson2\2.0.12\fastjson2-2.0.12.jar;D:\MavenRepository\commons-lang\commons-lang\2.6\commons-lang-2.6.jar;D:\MavenRepository\mysql\mysql-connector-java\8.0.23\mysql-connector-java-8.0.23.jar;D:\MavenRepository\com\alibaba\druid-spring-boot-starter\1.2.11\druid-spring-boot-starter-1.2.11.jar;D:\MavenRepository\com\alibaba\druid\1.2.11\druid-1.2.11.jar;D:\MavenRepository\org\slf4j\slf4j-api\1.7.30\slf4j-api-1.7.30.jar;D:\MavenRepository\io\springfox\springfox-swagger2\3.0.0\springfox-swagger2-3.0.0.jar;D:\MavenRepository\io\springfox\springfox-spi\3.0.0\springfox-spi-3.0.0.jar;D:\MavenRepository\io\springfox\springfox-core\3.0.0\springfox-core-3.0.0.jar;D:\MavenRepository\io\springfox\springfox-schema\3.0.0\springfox-schema-3.0.0.jar;D:\MavenRepository\io\springfox\springfox-swagger-common\3.0.0\springfox-swagger-common-3.0.0.jar;D:\MavenRepository\io\swagger\core\v3\swagger-annotations\2.1.2\swagger-annotations-2.1.2.jar;D:\MavenRepository\io\springfox\springfox-spring-web\3.0.0\springfox-spring-web-3.0.0.jar;D:\MavenRepository\io\github\classgraph\classgraph\4.8.83\classgraph-4.8.83.jar;D:\MavenRepository\io\springfox\springfox-spring-webmvc\3.0.0\springfox-spring-webmvc-3.0.0.jar;D:\MavenRepository\io\springfox\springfox-spring-webflux\3.0.0\springfox-spring-webflux-3.0.0.jar;D:\MavenRepository\com\fasterxml\classmate\1.5.1\classmate-1.5.1.jar;D:\MavenRepository\org\springframework\plugin\spring-plugin-core\2.0.0.RELEASE\spring-plugin-core-2.0.0.RELEASE.jar;D:\MavenRepository\org\springframework\plugin\spring-plugin-metadata\2.0.0.RELEASE\spring-plugin-metadata-2.0.0.RELEASE.jar;D:\MavenRepository\io\swagger\swagger-annotations\1.5.20\swagger-annotations-1.5.20.jar;D:\MavenRepository\io\swagger\swagger-models\1.5.20\swagger-models-1.5.20.jar;D:\MavenRepository\com\fasterxml\jackson\core\jackson-annotations\2.11.4\jackson-annotations-2.11.4.jar;D:\MavenRepository\org\mapstruct\mapstruct\1.3.1.Final\mapstruct-1.3.1.Final.jar;D:\MavenRepository\io\springfox\springfox-swagger-ui\3.0.0\springfox-swagger-ui-3.0.0.jar;D:\MavenRepository\org\springframework\boot\spring-boot-devtools\2.4.5\spring-boot-devtools-2.4.5.jar;D:\MavenRepository\com\aliyun\aliyun-java-sdk-core\4.5.16\aliyun-java-sdk-core-4.5.16.jar;D:\MavenRepository\com\google\code\gson\gson\2.8.6\gson-2.8.6.jar;D:\MavenRepository\org\apache\httpcomponents\httpclient\4.5.13\httpclient-4.5.13.jar;D:\MavenRepository\commons-codec\commons-codec\1.15\commons-codec-1.15.jar;D:\MavenRepository\org\apache\httpcomponents\httpcore\4.4.14\httpcore-4.4.14.jar;D:\MavenRepository\commons-logging\commons-logging\1.2\commons-logging-1.2.jar;D:\MavenRepository\javax\xml\bind\jaxb-api\2.3.1\jaxb-api-2.3.1.jar;D:\MavenRepository\javax\activation\javax.activation-api\1.2.0\javax.activation-api-1.2.0.jar;D:\MavenRepository\org\jacoco\org.jacoco.agent\0.8.6\org.jacoco.agent-0.8.6-runtime.jar;D:\MavenRepository\org\ini4j\ini4j\0.5.4\ini4j-0.5.4.jar;D:\MavenRepository\io\opentracing\opentracing-api\0.33.0\opentracing-api-0.33.0.jar;D:\MavenRepository\io\opentracing\opentracing-util\0.33.0\opentracing-util-0.33.0.jar;D:\MavenRepository\io\opentracing\opentracing-noop\0.33.0\opentracing-noop-0.33.0.jar;D:\MavenRepository\com\aliyun\aliyun-java-sdk-dysmsapi\1.1.0\aliyun-java-sdk-dysmsapi-1.1.0.jar;D:\MavenRepository\org\springframework\boot\spring-boot-starter-data-redis\2.4.5\spring-boot-starter-data-redis-2.4.5.jar;D:\MavenRepository\org\springframework\data\spring-data-redis\2.4.8\spring-data-redis-2.4.8.jar;D:\MavenRepository\org\springframework\data\spring-data-keyvalue\2.4.8\spring-data-keyvalue-2.4.8.jar;D:\MavenRepository\org\springframework\data\spring-data-commons\2.4.8\spring-data-commons-2.4.8.jar;D:\MavenRepository\org\springframework\spring-tx\5.3.6\spring-tx-5.3.6.jar;D:\MavenRepository\org\springframework\spring-oxm\5.3.6\spring-oxm-5.3.6.jar;D:\MavenRepository\io\lettuce\lettuce-core\6.0.4.RELEASE\lettuce-core-6.0.4.RELEASE.jar;D:\MavenRepository\io\netty\netty-common\4.1.63.Final\netty-common-4.1.63.Final.jar;D:\MavenRepository\io\netty\netty-handler\4.1.63.Final\netty-handler-4.1.63.Final.jar;D:\MavenRepository\io\netty\netty-resolver\4.1.63.Final\netty-resolver-4.1.63.Final.jar;D:\MavenRepository\io\netty\netty-buffer\4.1.63.Final\netty-buffer-4.1.63.Final.jar;D:\MavenRepository\io\netty\netty-codec\4.1.63.Final\netty-codec-4.1.63.Final.jar;D:\MavenRepository\io\netty\netty-transport\4.1.63.Final\netty-transport-4.1.63.Final.jar;D:\MavenRepository\io\projectreactor\reactor-core\3.4.5\reactor-core-3.4.5.jar;D:\MavenRepository\org\reactivestreams\reactive-streams\1.0.3\reactive-streams-1.0.3.jar;D:\MavenRepository\org\springframework\boot\spring-boot-starter-cache\2.4.5\spring-boot-starter-cache-2.4.5.jar;D:\MavenRepository\org\springframework\spring-context-support\5.3.6\spring-context-support-5.3.6.jar;D:\MavenRepository\org\apache\shardingsphere\sharding-jdbc-spring-boot-starter\4.0.0-RC1\sharding-jdbc-spring-boot-starter-4.0.0-RC1.jar;D:\MavenRepository\org\apache\shardingsphere\sharding-jdbc-core\4.0.0-RC1\sharding-jdbc-core-4.0.0-RC1.jar;D:\MavenRepository\org\apache\shardingsphere\sharding-core-entry\4.0.0-RC1\sharding-core-entry-4.0.0-RC1.jar;D:\MavenRepository\org\apache\shardingsphere\sharding-core-api\4.0.0-RC1\sharding-core-api-4.0.0-RC1.jar;D:\MavenRepository\org\apache\shardingsphere\sharding-core-common\4.0.0-RC1\sharding-core-common-4.0.0-RC1.jar;D:\MavenRepository\org\codehaus\groovy\groovy\2.4.5\groovy-2.4.5-indy.jar;D:\MavenRepository\org\apache\shardingsphere\sharding-core-parse-common\4.0.0-RC1\sharding-core-parse-common-4.0.0-RC1.jar;D:\MavenRepository\org\apache\shardingsphere\sharding-core-parse-spi\4.0.0-RC1\sharding-core-parse-spi-4.0.0-RC1.jar;D:\MavenRepository\org\apache\commons\commons-collections4\4.2\commons-collections4-4.2.jar;D:\MavenRepository\org\antlr\antlr4-runtime\4.7.1\antlr4-runtime-4.7.1.jar;D:\MavenRepository\org\apache\shardingsphere\sharding-core-parse-mysql\4.0.0-RC1\sharding-core-parse-mysql-4.0.0-RC1.jar;D:\MavenRepository\org\apache\shardingsphere\sharding-core-parse-postgresql\4.0.0-RC1\sharding-core-parse-postgresql-4.0.0-RC1.jar;D:\MavenRepository\org\apache\shardingsphere\sharding-core-parse-oracle\4.0.0-RC1\sharding-core-parse-oracle-4.0.0-RC1.jar;D:\MavenRepository\org\apache\shardingsphere\sharding-core-parse-sqlserver\4.0.0-RC1\sharding-core-parse-sqlserver-4.0.0-RC1.jar;D:\MavenRepository\org\apache\shardingsphere\sharding-core-optimize\4.0.0-RC1\sharding-core-optimize-4.0.0-RC1.jar;D:\MavenRepository\org\apache\shardingsphere\sharding-core-route\4.0.0-RC1\sharding-core-route-4.0.0-RC1.jar;D:\MavenRepository\org\apache\shardingsphere\sharding-core-rewrite\4.0.0-RC1\sharding-core-rewrite-4.0.0-RC1.jar;D:\MavenRepository\org\apache\shardingsphere\sharding-core-execute\4.0.0-RC1\sharding-core-execute-4.0.0-RC1.jar;D:\MavenRepository\org\apache\shardingsphere\sharding-core-merge\4.0.0-RC1\sharding-core-merge-4.0.0-RC1.jar;D:\MavenRepository\org\apache\shardingsphere\sharding-transaction-core\4.0.0-RC1\sharding-transaction-core-4.0.0-RC1.jar;D:\MavenRepository\com\google\guava\guava\18.0\guava-18.0.jar;D:\MavenRepository\org\slf4j\jcl-over-slf4j\1.7.30\jcl-over-slf4j-1.7.30.jar;D:\MavenRepository\com\github\xiaoymin\knife4j-spring-boot-starter\3.0.2\knife4j-spring-boot-starter-3.0.2.jar;D:\MavenRepository\com\github\xiaoymin\knife4j-spring-boot-autoconfigure\3.0.2\knife4j-spring-boot-autoconfigure-3.0.2.jar;D:\MavenRepository\com\github\xiaoymin\knife4j-spring\3.0.2\knife4j-spring-3.0.2.jar;D:\MavenRepository\com\github\xiaoymin\knife4j-annotations\3.0.2\knife4j-annotations-3.0.2.jar;D:\MavenRepository\com\github\xiaoymin\knife4j-core\3.0.2\knife4j-core-3.0.2.jar;D:\MavenRepository\org\javassist\javassist\3.25.0-GA\javassist-3.25.0-GA.jar;D:\MavenRepository\io\springfox\springfox-oas\3.0.0\springfox-oas-3.0.0.jar;D:\MavenRepository\io\swagger\core\v3\swagger-models\2.1.2\swagger-models-2.1.2.jar;D:\MavenRepository\io\springfox\springfox-bean-validators\3.0.0\springfox-bean-validators-3.0.0.jar;D:\MavenRepository\io\swagger\swagger-core\1.5.22\swagger-core-1.5.22.jar;D:\MavenRepository\org\apache\commons\commons-lang3\3.11\commons-lang3-3.11.jar;D:\MavenRepository\com\fasterxml\jackson\dataformat\jackson-dataformat-yaml\2.11.4\jackson-dataformat-yaml-2.11.4.jar;D:\MavenRepository\javax\validation\validation-api\2.0.1.Final\validation-api-2.0.1.Final.jar;D:\MavenRepository\io\springfox\springfox-boot-starter\3.0.0\springfox-boot-starter-3.0.0.jar;D:\MavenRepository\io\springfox\springfox-data-rest\3.0.0\springfox-data-rest-3.0.0.jar;D:\MavenRepository\com\github\xiaoymin\knife4j-spring-ui\3.0.2\knife4j-spring-ui-3.0.2.jar;"/>
    <property name="java.vm.vendor" value="Oracle Corporation"/>
    <property name="sun.arch.data.model" value="64"/>
    <property name="user.variant" value=""/>
    <property name="java.vendor.url" value="https://openjdk.java.net/"/>
    <property name="user.timezone" value="Asia/Shanghai"/>
    <property name="java.vm.specification.version" value="11"/>
    <property name="os.name" value="Windows 11"/>
    <property name="sun.java.launcher" value="SUN_STANDARD"/>
    <property name="user.country" value="CN"/>
    <property name="sun.boot.library.path" value="D:\Program Files\jdks\jdk-11.0.15.1\bin"/>
    <property name="sun.java.command" value="C:\Users\Lenovo\AppData\Local\Temp\surefire12475421047183321369\surefirebooter7188137286423171081.jar C:\Users\Lenovo\AppData\Local\Temp\surefire12475421047183321369 2022-09-23T19-40-20_012-jvmRun1 surefire7437169168205407776tmp surefire_04806599825704666700tmp"/>
    <property name="jdk.debug" value="release"/>
    <property name="surefire.test.class.path" value="D:\06_LocalRepository\RuyiTakeaway\target\test-classes;D:\06_LocalRepository\RuyiTakeaway\target\classes;D:\MavenRepository\org\springframework\boot\spring-boot-starter\2.4.5\spring-boot-starter-2.4.5.jar;D:\MavenRepository\org\springframework\boot\spring-boot\2.4.5\spring-boot-2.4.5.jar;D:\MavenRepository\org\springframework\spring-context\5.3.6\spring-context-5.3.6.jar;D:\MavenRepository\org\springframework\boot\spring-boot-autoconfigure\2.4.5\spring-boot-autoconfigure-2.4.5.jar;D:\MavenRepository\org\springframework\boot\spring-boot-starter-logging\2.4.5\spring-boot-starter-logging-2.4.5.jar;D:\MavenRepository\ch\qos\logback\logback-classic\1.2.3\logback-classic-1.2.3.jar;D:\MavenRepository\ch\qos\logback\logback-core\1.2.3\logback-core-1.2.3.jar;D:\MavenRepository\org\apache\logging\log4j\log4j-to-slf4j\2.13.3\log4j-to-slf4j-2.13.3.jar;D:\MavenRepository\org\apache\logging\log4j\log4j-api\2.13.3\log4j-api-2.13.3.jar;D:\MavenRepository\org\slf4j\jul-to-slf4j\1.7.30\jul-to-slf4j-1.7.30.jar;D:\MavenRepository\jakarta\annotation\jakarta.annotation-api\1.3.5\jakarta.annotation-api-1.3.5.jar;D:\MavenRepository\org\springframework\spring-core\5.3.6\spring-core-5.3.6.jar;D:\MavenRepository\org\springframework\spring-jcl\5.3.6\spring-jcl-5.3.6.jar;D:\MavenRepository\org\yaml\snakeyaml\1.27\snakeyaml-1.27.jar;D:\MavenRepository\org\springframework\boot\spring-boot-starter-test\2.4.5\spring-boot-starter-test-2.4.5.jar;D:\MavenRepository\org\springframework\boot\spring-boot-test\2.4.5\spring-boot-test-2.4.5.jar;D:\MavenRepository\org\springframework\boot\spring-boot-test-autoconfigure\2.4.5\spring-boot-test-autoconfigure-2.4.5.jar;D:\MavenRepository\com\jayway\jsonpath\json-path\2.4.0\json-path-2.4.0.jar;D:\MavenRepository\net\minidev\json-smart\2.3\json-smart-2.3.jar;D:\MavenRepository\net\minidev\accessors-smart\1.2\accessors-smart-1.2.jar;D:\MavenRepository\org\ow2\asm\asm\5.0.4\asm-5.0.4.jar;D:\MavenRepository\jakarta\xml\bind\jakarta.xml.bind-api\2.3.3\jakarta.xml.bind-api-2.3.3.jar;D:\MavenRepository\jakarta\activation\jakarta.activation-api\1.2.2\jakarta.activation-api-1.2.2.jar;D:\MavenRepository\org\assertj\assertj-core\3.18.1\assertj-core-3.18.1.jar;D:\MavenRepository\org\hamcrest\hamcrest\2.2\hamcrest-2.2.jar;D:\MavenRepository\org\junit\jupiter\junit-jupiter\5.7.1\junit-jupiter-5.7.1.jar;D:\MavenRepository\org\junit\jupiter\junit-jupiter-api\5.7.1\junit-jupiter-api-5.7.1.jar;D:\MavenRepository\org\apiguardian\apiguardian-api\1.1.0\apiguardian-api-1.1.0.jar;D:\MavenRepository\org\opentest4j\opentest4j\1.2.0\opentest4j-1.2.0.jar;D:\MavenRepository\org\junit\platform\junit-platform-commons\1.7.1\junit-platform-commons-1.7.1.jar;D:\MavenRepository\org\junit\jupiter\junit-jupiter-params\5.7.1\junit-jupiter-params-5.7.1.jar;D:\MavenRepository\org\junit\jupiter\junit-jupiter-engine\5.7.1\junit-jupiter-engine-5.7.1.jar;D:\MavenRepository\org\junit\platform\junit-platform-engine\1.7.1\junit-platform-engine-1.7.1.jar;D:\MavenRepository\org\mockito\mockito-core\3.6.28\mockito-core-3.6.28.jar;D:\MavenRepository\net\bytebuddy\byte-buddy\1.10.22\byte-buddy-1.10.22.jar;D:\MavenRepository\net\bytebuddy\byte-buddy-agent\1.10.22\byte-buddy-agent-1.10.22.jar;D:\MavenRepository\org\objenesis\objenesis\3.1\objenesis-3.1.jar;D:\MavenRepository\org\mockito\mockito-junit-jupiter\3.6.28\mockito-junit-jupiter-3.6.28.jar;D:\MavenRepository\org\skyscreamer\jsonassert\1.5.0\jsonassert-1.5.0.jar;D:\MavenRepository\com\vaadin\external\google\android-json\0.0.20131108.vaadin1\android-json-0.0.20131108.vaadin1.jar;D:\MavenRepository\org\springframework\spring-test\5.3.6\spring-test-5.3.6.jar;D:\MavenRepository\org\xmlunit\xmlunit-core\2.7.0\xmlunit-core-2.7.0.jar;D:\MavenRepository\org\springframework\boot\spring-boot-starter-web\2.4.5\spring-boot-starter-web-2.4.5.jar;D:\MavenRepository\org\springframework\boot\spring-boot-starter-json\2.4.5\spring-boot-starter-json-2.4.5.jar;D:\MavenRepository\com\fasterxml\jackson\core\jackson-databind\2.11.4\jackson-databind-2.11.4.jar;D:\MavenRepository\com\fasterxml\jackson\core\jackson-core\2.11.4\jackson-core-2.11.4.jar;D:\MavenRepository\com\fasterxml\jackson\datatype\jackson-datatype-jdk8\2.11.4\jackson-datatype-jdk8-2.11.4.jar;D:\MavenRepository\com\fasterxml\jackson\datatype\jackson-datatype-jsr310\2.11.4\jackson-datatype-jsr310-2.11.4.jar;D:\MavenRepository\com\fasterxml\jackson\module\jackson-module-parameter-names\2.11.4\jackson-module-parameter-names-2.11.4.jar;D:\MavenRepository\org\springframework\boot\spring-boot-starter-tomcat\2.4.5\spring-boot-starter-tomcat-2.4.5.jar;D:\MavenRepository\org\apache\tomcat\embed\tomcat-embed-core\9.0.45\tomcat-embed-core-9.0.45.jar;D:\MavenRepository\org\glassfish\jakarta.el\3.0.3\jakarta.el-3.0.3.jar;D:\MavenRepository\org\apache\tomcat\embed\tomcat-embed-websocket\9.0.45\tomcat-embed-websocket-9.0.45.jar;D:\MavenRepository\org\springframework\spring-web\5.3.6\spring-web-5.3.6.jar;D:\MavenRepository\org\springframework\spring-beans\5.3.6\spring-beans-5.3.6.jar;D:\MavenRepository\org\springframework\spring-webmvc\5.3.6\spring-webmvc-5.3.6.jar;D:\MavenRepository\org\springframework\spring-aop\5.3.6\spring-aop-5.3.6.jar;D:\MavenRepository\org\springframework\spring-expression\5.3.6\spring-expression-5.3.6.jar;D:\MavenRepository\com\baomidou\mybatis-plus-boot-starter\3.5.2\mybatis-plus-boot-starter-3.5.2.jar;D:\MavenRepository\com\baomidou\mybatis-plus\3.5.2\mybatis-plus-3.5.2.jar;D:\MavenRepository\com\baomidou\mybatis-plus-extension\3.5.2\mybatis-plus-extension-3.5.2.jar;D:\MavenRepository\com\baomidou\mybatis-plus-core\3.5.2\mybatis-plus-core-3.5.2.jar;D:\MavenRepository\com\baomidou\mybatis-plus-annotation\3.5.2\mybatis-plus-annotation-3.5.2.jar;D:\MavenRepository\com\github\jsqlparser\jsqlparser\4.4\jsqlparser-4.4.jar;D:\MavenRepository\org\mybatis\mybatis\3.5.10\mybatis-3.5.10.jar;D:\MavenRepository\org\mybatis\mybatis-spring\2.0.7\mybatis-spring-2.0.7.jar;D:\MavenRepository\org\jetbrains\kotlin\kotlin-stdlib-jdk8\1.4.32\kotlin-stdlib-jdk8-1.4.32.jar;D:\MavenRepository\org\jetbrains\kotlin\kotlin-stdlib\1.4.32\kotlin-stdlib-1.4.32.jar;D:\MavenRepository\org\jetbrains\kotlin\kotlin-stdlib-common\1.4.32\kotlin-stdlib-common-1.4.32.jar;D:\MavenRepository\org\jetbrains\annotations\13.0\annotations-13.0.jar;D:\MavenRepository\org\jetbrains\kotlin\kotlin-stdlib-jdk7\1.4.32\kotlin-stdlib-jdk7-1.4.32.jar;D:\MavenRepository\org\springframework\boot\spring-boot-starter-jdbc\2.4.5\spring-boot-starter-jdbc-2.4.5.jar;D:\MavenRepository\com\zaxxer\HikariCP\3.4.5\HikariCP-3.4.5.jar;D:\MavenRepository\org\springframework\spring-jdbc\5.3.6\spring-jdbc-5.3.6.jar;D:\MavenRepository\org\projectlombok\lombok\1.18.24\lombok-1.18.24.jar;D:\MavenRepository\com\alibaba\fastjson\2.0.12\fastjson-2.0.12.jar;D:\MavenRepository\com\alibaba\fastjson2\fastjson2-extension\2.0.12\fastjson2-extension-2.0.12.jar;D:\MavenRepository\com\alibaba\fastjson2\fastjson2\2.0.12\fastjson2-2.0.12.jar;D:\MavenRepository\commons-lang\commons-lang\2.6\commons-lang-2.6.jar;D:\MavenRepository\mysql\mysql-connector-java\8.0.23\mysql-connector-java-8.0.23.jar;D:\MavenRepository\com\alibaba\druid-spring-boot-starter\1.2.11\druid-spring-boot-starter-1.2.11.jar;D:\MavenRepository\com\alibaba\druid\1.2.11\druid-1.2.11.jar;D:\MavenRepository\org\slf4j\slf4j-api\1.7.30\slf4j-api-1.7.30.jar;D:\MavenRepository\io\springfox\springfox-swagger2\3.0.0\springfox-swagger2-3.0.0.jar;D:\MavenRepository\io\springfox\springfox-spi\3.0.0\springfox-spi-3.0.0.jar;D:\MavenRepository\io\springfox\springfox-core\3.0.0\springfox-core-3.0.0.jar;D:\MavenRepository\io\springfox\springfox-schema\3.0.0\springfox-schema-3.0.0.jar;D:\MavenRepository\io\springfox\springfox-swagger-common\3.0.0\springfox-swagger-common-3.0.0.jar;D:\MavenRepository\io\swagger\core\v3\swagger-annotations\2.1.2\swagger-annotations-2.1.2.jar;D:\MavenRepository\io\springfox\springfox-spring-web\3.0.0\springfox-spring-web-3.0.0.jar;D:\MavenRepository\io\github\classgraph\classgraph\4.8.83\classgraph-4.8.83.jar;D:\MavenRepository\io\springfox\springfox-spring-webmvc\3.0.0\springfox-spring-webmvc-3.0.0.jar;D:\MavenRepository\io\springfox\springfox-spring-webflux\3.0.0\springfox-spring-webflux-3.0.0.jar;D:\MavenRepository\com\fasterxml\classmate\1.5.1\classmate-1.5.1.jar;D:\MavenRepository\org\springframework\plugin\spring-plugin-core\2.0.0.RELEASE\spring-plugin-core-2.0.0.RELEASE.jar;D:\MavenRepository\org\springframework\plugin\spring-plugin-metadata\2.0.0.RELEASE\spring-plugin-metadata-2.0.0.RELEASE.jar;D:\MavenRepository\io\swagger\swagger-annotations\1.5.20\swagger-annotations-1.5.20.jar;D:\MavenRepository\io\swagger\swagger-models\1.5.20\swagger-models-1.5.20.jar;D:\MavenRepository\com\fasterxml\jackson\core\jackson-annotations\2.11.4\jackson-annotations-2.11.4.jar;D:\MavenRepository\org\mapstruct\mapstruct\1.3.1.Final\mapstruct-1.3.1.Final.jar;D:\MavenRepository\io\springfox\springfox-swagger-ui\3.0.0\springfox-swagger-ui-3.0.0.jar;D:\MavenRepository\org\springframework\boot\spring-boot-devtools\2.4.5\spring-boot-devtools-2.4.5.jar;D:\MavenRepository\com\aliyun\aliyun-java-sdk-core\4.5.16\aliyun-java-sdk-core-4.5.16.jar;D:\MavenRepository\com\google\code\gson\gson\2.8.6\gson-2.8.6.jar;D:\MavenRepository\org\apache\httpcomponents\httpclient\4.5.13\httpclient-4.5.13.jar;D:\MavenRepository\commons-codec\commons-codec\1.15\commons-codec-1.15.jar;D:\MavenRepository\org\apache\httpcomponents\httpcore\4.4.14\httpcore-4.4.14.jar;D:\MavenRepository\commons-logging\commons-logging\1.2\commons-logging-1.2.jar;D:\MavenRepository\javax\xml\bind\jaxb-api\2.3.1\jaxb-api-2.3.1.jar;D:\MavenRepository\javax\activation\javax.activation-api\1.2.0\javax.activation-api-1.2.0.jar;D:\MavenRepository\org\jacoco\org.jacoco.agent\0.8.6\org.jacoco.agent-0.8.6-runtime.jar;D:\MavenRepository\org\ini4j\ini4j\0.5.4\ini4j-0.5.4.jar;D:\MavenRepository\io\opentracing\opentracing-api\0.33.0\opentracing-api-0.33.0.jar;D:\MavenRepository\io\opentracing\opentracing-util\0.33.0\opentracing-util-0.33.0.jar;D:\MavenRepository\io\opentracing\opentracing-noop\0.33.0\opentracing-noop-0.33.0.jar;D:\MavenRepository\com\aliyun\aliyun-java-sdk-dysmsapi\1.1.0\aliyun-java-sdk-dysmsapi-1.1.0.jar;D:\MavenRepository\org\springframework\boot\spring-boot-starter-data-redis\2.4.5\spring-boot-starter-data-redis-2.4.5.jar;D:\MavenRepository\org\springframework\data\spring-data-redis\2.4.8\spring-data-redis-2.4.8.jar;D:\MavenRepository\org\springframework\data\spring-data-keyvalue\2.4.8\spring-data-keyvalue-2.4.8.jar;D:\MavenRepository\org\springframework\data\spring-data-commons\2.4.8\spring-data-commons-2.4.8.jar;D:\MavenRepository\org\springframework\spring-tx\5.3.6\spring-tx-5.3.6.jar;D:\MavenRepository\org\springframework\spring-oxm\5.3.6\spring-oxm-5.3.6.jar;D:\MavenRepository\io\lettuce\lettuce-core\6.0.4.RELEASE\lettuce-core-6.0.4.RELEASE.jar;D:\MavenRepository\io\netty\netty-common\4.1.63.Final\netty-common-4.1.63.Final.jar;D:\MavenRepository\io\netty\netty-handler\4.1.63.Final\netty-handler-4.1.63.Final.jar;D:\MavenRepository\io\netty\netty-resolver\4.1.63.Final\netty-resolver-4.1.63.Final.jar;D:\MavenRepository\io\netty\netty-buffer\4.1.63.Final\netty-buffer-4.1.63.Final.jar;D:\MavenRepository\io\netty\netty-codec\4.1.63.Final\netty-codec-4.1.63.Final.jar;D:\MavenRepository\io\netty\netty-transport\4.1.63.Final\netty-transport-4.1.63.Final.jar;D:\MavenRepository\io\projectreactor\reactor-core\3.4.5\reactor-core-3.4.5.jar;D:\MavenRepository\org\reactivestreams\reactive-streams\1.0.3\reactive-streams-1.0.3.jar;D:\MavenRepository\org\springframework\boot\spring-boot-starter-cache\2.4.5\spring-boot-starter-cache-2.4.5.jar;D:\MavenRepository\org\springframework\spring-context-support\5.3.6\spring-context-support-5.3.6.jar;D:\MavenRepository\org\apache\shardingsphere\sharding-jdbc-spring-boot-starter\4.0.0-RC1\sharding-jdbc-spring-boot-starter-4.0.0-RC1.jar;D:\MavenRepository\org\apache\shardingsphere\sharding-jdbc-core\4.0.0-RC1\sharding-jdbc-core-4.0.0-RC1.jar;D:\MavenRepository\org\apache\shardingsphere\sharding-core-entry\4.0.0-RC1\sharding-core-entry-4.0.0-RC1.jar;D:\MavenRepository\org\apache\shardingsphere\sharding-core-api\4.0.0-RC1\sharding-core-api-4.0.0-RC1.jar;D:\MavenRepository\org\apache\shardingsphere\sharding-core-common\4.0.0-RC1\sharding-core-common-4.0.0-RC1.jar;D:\MavenRepository\org\codehaus\groovy\groovy\2.4.5\groovy-2.4.5-indy.jar;D:\MavenRepository\org\apache\shardingsphere\sharding-core-parse-common\4.0.0-RC1\sharding-core-parse-common-4.0.0-RC1.jar;D:\MavenRepository\org\apache\shardingsphere\sharding-core-parse-spi\4.0.0-RC1\sharding-core-parse-spi-4.0.0-RC1.jar;D:\MavenRepository\org\apache\commons\commons-collections4\4.2\commons-collections4-4.2.jar;D:\MavenRepository\org\antlr\antlr4-runtime\4.7.1\antlr4-runtime-4.7.1.jar;D:\MavenRepository\org\apache\shardingsphere\sharding-core-parse-mysql\4.0.0-RC1\sharding-core-parse-mysql-4.0.0-RC1.jar;D:\MavenRepository\org\apache\shardingsphere\sharding-core-parse-postgresql\4.0.0-RC1\sharding-core-parse-postgresql-4.0.0-RC1.jar;D:\MavenRepository\org\apache\shardingsphere\sharding-core-parse-oracle\4.0.0-RC1\sharding-core-parse-oracle-4.0.0-RC1.jar;D:\MavenRepository\org\apache\shardingsphere\sharding-core-parse-sqlserver\4.0.0-RC1\sharding-core-parse-sqlserver-4.0.0-RC1.jar;D:\MavenRepository\org\apache\shardingsphere\sharding-core-optimize\4.0.0-RC1\sharding-core-optimize-4.0.0-RC1.jar;D:\MavenRepository\org\apache\shardingsphere\sharding-core-route\4.0.0-RC1\sharding-core-route-4.0.0-RC1.jar;D:\MavenRepository\org\apache\shardingsphere\sharding-core-rewrite\4.0.0-RC1\sharding-core-rewrite-4.0.0-RC1.jar;D:\MavenRepository\org\apache\shardingsphere\sharding-core-execute\4.0.0-RC1\sharding-core-execute-4.0.0-RC1.jar;D:\MavenRepository\org\apache\shardingsphere\sharding-core-merge\4.0.0-RC1\sharding-core-merge-4.0.0-RC1.jar;D:\MavenRepository\org\apache\shardingsphere\sharding-transaction-core\4.0.0-RC1\sharding-transaction-core-4.0.0-RC1.jar;D:\MavenRepository\com\google\guava\guava\18.0\guava-18.0.jar;D:\MavenRepository\org\slf4j\jcl-over-slf4j\1.7.30\jcl-over-slf4j-1.7.30.jar;D:\MavenRepository\com\github\xiaoymin\knife4j-spring-boot-starter\3.0.2\knife4j-spring-boot-starter-3.0.2.jar;D:\MavenRepository\com\github\xiaoymin\knife4j-spring-boot-autoconfigure\3.0.2\knife4j-spring-boot-autoconfigure-3.0.2.jar;D:\MavenRepository\com\github\xiaoymin\knife4j-spring\3.0.2\knife4j-spring-3.0.2.jar;D:\MavenRepository\com\github\xiaoymin\knife4j-annotations\3.0.2\knife4j-annotations-3.0.2.jar;D:\MavenRepository\com\github\xiaoymin\knife4j-core\3.0.2\knife4j-core-3.0.2.jar;D:\MavenRepository\org\javassist\javassist\3.25.0-GA\javassist-3.25.0-GA.jar;D:\MavenRepository\io\springfox\springfox-oas\3.0.0\springfox-oas-3.0.0.jar;D:\MavenRepository\io\swagger\core\v3\swagger-models\2.1.2\swagger-models-2.1.2.jar;D:\MavenRepository\io\springfox\springfox-bean-validators\3.0.0\springfox-bean-validators-3.0.0.jar;D:\MavenRepository\io\swagger\swagger-core\1.5.22\swagger-core-1.5.22.jar;D:\MavenRepository\org\apache\commons\commons-lang3\3.11\commons-lang3-3.11.jar;D:\MavenRepository\com\fasterxml\jackson\dataformat\jackson-dataformat-yaml\2.11.4\jackson-dataformat-yaml-2.11.4.jar;D:\MavenRepository\javax\validation\validation-api\2.0.1.Final\validation-api-2.0.1.Final.jar;D:\MavenRepository\io\springfox\springfox-boot-starter\3.0.0\springfox-boot-starter-3.0.0.jar;D:\MavenRepository\io\springfox\springfox-data-rest\3.0.0\springfox-data-rest-3.0.0.jar;D:\MavenRepository\com\github\xiaoymin\knife4j-spring-ui\3.0.2\knife4j-spring-ui-3.0.2.jar;"/>
    <property name="sun.cpu.endian" value="little"/>
    <property name="user.home" value="C:\Users\Lenovo"/>
    <property name="user.language" value="zh"/>
    <property name="java.specification.vendor" value="Oracle Corporation"/>
    <property name="java.version.date" value="2022-04-22"/>
    <property name="java.home" value="D:\Program Files\jdks\jdk-11.0.15.1"/>
    <property name="file.separator" value="\"/>
    <property name="basedir" value="D:\06_LocalRepository\RuyiTakeaway"/>
    <property name="java.vm.compressedOopsMode" value="Zero based"/>
    <property name="line.separator" value="&#10;"/>
    <property name="java.specification.name" value="Java Platform API Specification"/>
    <property name="java.vm.specification.vendor" value="Oracle Corporation"/>
    <property name="java.awt.graphicsenv" value="sun.awt.Win32GraphicsEnvironment"/>
    <property name="surefire.real.class.path" value="C:\Users\Lenovo\AppData\Local\Temp\surefire12475421047183321369\surefirebooter7188137286423171081.jar"/>
    <property name="user.script" value=""/>
    <property name="sun.management.compiler" value="HotSpot 64-Bit Tiered Compilers"/>
    <property name="java.runtime.version" value="11.0.15.1+2-LTS-10"/>
    <property name="user.name" value="Lenovo"/>
    <property name="path.separator" value=";"/>
    <property name="os.version" value="10.0"/>
    <property name="java.runtime.name" value="Java(TM) SE Runtime Environment"/>
    <property name="file.encoding" value="GBK"/>
    <property name="java.vm.name" value="Java HotSpot(TM) 64-Bit Server VM"/>
    <property name="java.vendor.version" value="18.9"/>
    <property name="localRepository" value="D:\MavenRepository"/>
    <property name="java.vendor.url.bug" value="https://bugreport.java.com/bugreport/"/>
    <property name="java.io.tmpdir" value="C:\Users\Lenovo\AppData\Local\Temp\"/>
    <property name="idea.version" value="2022.2.2"/>
    <property name="java.version" value="11.0.15.1"/>
    <property name="user.dir" value="D:\06_LocalRepository\RuyiTakeaway"/>
    <property name="os.arch" value="amd64"/>
    <property name="java.vm.specification.name" value="Java Virtual Machine Specification"/>
    <property name="java.awt.printerjob" value="sun.awt.windows.WPrinterJob"/>
    <property name="sun.os.patch.level" value=""/>
    <property name="java.library.path" value="D:\Program Files\jdks\jdk-11.0.15.1\bin;C:\WINDOWS\Sun\Java\bin;C:\WINDOWS\system32;C:\WINDOWS;D:\Linux_region\bin\;C:\Windows\system32;C:\Windows;C:\Windows\System32\Wbem;C:\Windows\System32\WindowsPowerShell\v1.0\;C:\Windows\System32\OpenSSH\;C:\WINDOWS\system32;C:\WINDOWS;C:\WINDOWS\System32\Wbem;C:\WINDOWS\System32\WindowsPowerShell\v1.0\;C:\WINDOWS\System32\OpenSSH\;D:\Program Files (x86)\mongo\bin;D:\Program Files (x86)\Git\cmd;D:\Program Files\jdks\jdk-11.0.15.1\bin;D:\Program Files\jdks\jdk-1.8.0_341\bin；;&quot;D:\Program Files\jdks\jdk-1.8.0_341\jre\bin;&quot;;D:\Maven\apache-maven-3.8.4\bin;D:\Program Files (x86)\apache-tomcat-9.0.65\bin;D:\Program Files\MySQL\MySQL Server 8.0\bin;D:\Program Files\nvm;D:\Program Files\nvm_node;D:\Program Files\nodejs\node_global\vue;D:\Program Files\Xftp\;D:\Program Files\Xshell\;C:\Program Files (x86)\NVIDIA Corporation\PhysX\Common;D:\Python\Python37;C:\Program Files\dotnet\;D:\Program Files (x86)\redis\;C:\Users\Lenovo\AppData\Local\Microsoft\WindowsApps;C:\Users\Lenovo\AppData\Local\GitHubDesktop\bin;C:\Users\Lenovo\AppData\Roaming\npm;D:\Program Files\nvm;D:\Program Files\nvm_node;C:\Users\Lenovo\AppData\Local\Pandoc\;D:\Program Files\Microsoft VS Code\bin;."/>
    <property name="java.vendor" value="Oracle Corporation"/>
    <property name="java.vm.info" value="mixed mode"/>
    <property name="java.vm.version" value="11.0.15.1+2-LTS-10"/>
    <property name="sun.io.unicode.encoding" value="UnicodeLittle"/>
    <property name="maven.repo.local" value="D:\MavenRepository"/>
    <property name="java.class.version" value="55.0"/>
  </properties>
  <testcase name="contextLoads" classname="com.qh.ruyitakeaway.RuyiTakeawayApplicationTests" time="0.318"/>
</testsuite>